==========================================
[2025-08-12 22:14:18] Запуск фоновой синхронизации.
Источник: /sdcard/Документы/rootzsuBOT/rootzsu_bot_v3.db
Назначение: /sdcard/Документы/rootzsuBOT/website/rootzsu_bot_v3.db
==========================================

[2025-08-12 22:14:18] ✅ Успешно синхронизировано.
[2025-08-12 22:15:18] ✅ Успешно синхронизировано.
[2025-08-12 22:16:18] ✅ Успешно синхронизировано.
[2025-08-12 22:17:18] ✅ Успешно синхронизировано.
[2025-08-12 22:18:18] ✅ Успешно синхронизировано.
[2025-08-12 22:19:18] ✅ Успешно синхронизировано.
[2025-08-12 22:20:18] ✅ Успешно синхронизировано.
[2025-08-12 22:21:18] ✅ Успешно синхронизировано.
[2025-08-12 22:22:18] ✅ Успешно синхронизировано.
[2025-08-12 22:23:18] ✅ Успешно синхронизировано.
[2025-08-12 22:24:18] ✅ Успешно синхронизировано.
[2025-08-12 22:25:18] ✅ Успешно синхронизировано.
[2025-08-12 22:26:18] ✅ Успешно синхронизировано.
[2025-08-12 22:27:18] ✅ Успешно синхронизировано.
[2025-08-12 22:28:19] ✅ Успешно синхронизировано.
[2025-08-12 22:29:19] ✅ Успешно синхронизировано.
[2025-08-12 22:30:19] ✅ Успешно синхронизировано.
[2025-08-12 22:31:19] ✅ Успешно синхронизировано.
[2025-08-12 22:32:19] ✅ Успешно синхронизировано.
[2025-08-12 22:33:19] ✅ Успешно синхронизировано.
[2025-08-12 22:34:19] ✅ Успешно синхронизировано.
[2025-08-12 22:35:19] ✅ Успешно синхронизировано.
[2025-08-12 22:36:19] ✅ Успешно синхронизировано.
[2025-08-12 22:37:19] ✅ Успешно синхронизировано.
[2025-08-12 22:38:19] ✅ Успешно синхронизировано.
[2025-08-12 22:39:19] ✅ Успешно синхронизировано.
[2025-08-12 22:40:19] ✅ Успешно синхронизировано.
[2025-08-12 22:41:19] ✅ Успешно синхронизировано.
[2025-08-12 22:42:19] ✅ Успешно синхронизировано.
[2025-08-12 22:43:19] ✅ Успешно синхронизировано.
[2025-08-12 22:44:19] ✅ Успешно синхронизировано.
[2025-08-12 22:45:19] ✅ Успешно синхронизировано.
[2025-08-12 22:46:19] ✅ Успешно синхронизировано.
[2025-08-12 22:47:19] ✅ Успешно синхронизировано.
[2025-08-12 22:48:19] ✅ Успешно синхронизировано.
[2025-08-12 22:49:19] ✅ Успешно синхронизировано.
[2025-08-12 22:50:19] ✅ Успешно синхронизировано.
[2025-08-12 22:51:19] ✅ Успешно синхронизировано.
[2025-08-12 22:52:19] ✅ Успешно синхронизировано.
[2025-08-12 22:53:19] ✅ Успешно синхронизировано.
[2025-08-12 22:54:19] ✅ Успешно синхронизировано.
[2025-08-12 22:55:19] ✅ Успешно синхронизировано.
[2025-08-12 22:56:19] ✅ Успешно синхронизировано.
[2025-08-12 22:57:19] ✅ Успешно синхронизировано.
[2025-08-12 22:58:19] ✅ Успешно синхронизировано.
[2025-08-12 22:59:19] ✅ Успешно синхронизировано.
[2025-08-12 23:00:19] ✅ Успешно синхронизировано.
[2025-08-12 23:01:19] ✅ Успешно синхронизировано.
[2025-08-12 23:02:19] ✅ Успешно синхронизировано.
[2025-08-12 23:03:19] ✅ Успешно синхронизировано.
[2025-08-12 23:04:19] ✅ Успешно синхронизировано.
[2025-08-12 23:05:19] ✅ Успешно синхронизировано.
[2025-08-12 23:06:19] ✅ Успешно синхронизировано.
[2025-08-12 23:07:19] ✅ Успешно синхронизировано.
[2025-08-12 23:08:19] ✅ Успешно синхронизировано.
[2025-08-12 23:09:19] ✅ Успешно синхронизировано.
[2025-08-12 23:10:19] ✅ Успешно синхронизировано.
[2025-08-12 23:11:19] ✅ Успешно синхронизировано.
[2025-08-12 23:12:19] ✅ Успешно синхронизировано.
[2025-08-12 23:13:19] ✅ Успешно синхронизировано.
[2025-08-12 23:14:19] ✅ Успешно синхронизировано.
[2025-08-12 23:15:19] ✅ Успешно синхронизировано.
[2025-08-12 23:16:19] ✅ Успешно синхронизировано.
[2025-08-12 23:17:19] ✅ Успешно синхронизировано.
[2025-08-12 23:18:19] ✅ Успешно синхронизировано.
[2025-08-12 23:19:19] ✅ Успешно синхронизировано.
[2025-08-12 23:20:19] ✅ Успешно синхронизировано.
[2025-08-12 23:21:19] ✅ Успешно синхронизировано.
[2025-08-12 23:22:19] ✅ Успешно синхронизировано.
[2025-08-12 23:23:19] ✅ Успешно синхронизировано.
[2025-08-12 23:24:19] ✅ Успешно синхронизировано.
[2025-08-12 23:25:19] ✅ Успешно синхронизировано.
[2025-08-12 23:26:19] ✅ Успешно синхронизировано.
[2025-08-12 23:27:19] ✅ Успешно синхронизировано.
[2025-08-12 23:28:19] ✅ Успешно синхронизировано.
[2025-08-12 23:29:19] ✅ Успешно синхронизировано.
[2025-08-12 23:30:19] ✅ Успешно синхронизировано.
[2025-08-12 23:31:19] ✅ Успешно синхронизировано.
[2025-08-12 23:32:19] ✅ Успешно синхронизировано.
[2025-08-12 23:33:19] ✅ Успешно синхронизировано.
[2025-08-12 23:34:19] ✅ Успешно синхронизировано.
[2025-08-12 23:35:19] ✅ Успешно синхронизировано.
[2025-08-12 23:36:19] ✅ Успешно синхронизировано.
[2025-08-12 23:37:19] ✅ Успешно синхронизировано.
[2025-08-12 23:38:19] ✅ Успешно синхронизировано.
[2025-08-12 23:39:19] ✅ Успешно синхронизировано.
[2025-08-12 23:40:19] ✅ Успешно синхронизировано.
[2025-08-12 23:41:19] ✅ Успешно синхронизировано.
[2025-08-12 23:42:19] ✅ Успешно синхронизировано.
[2025-08-12 23:43:19] ✅ Успешно синхронизировано.
[2025-08-12 23:44:19] ✅ Успешно синхронизировано.
[2025-08-12 23:45:20] ✅ Успешно синхронизировано.
[2025-08-12 23:46:20] ✅ Успешно синхронизировано.
[2025-08-12 23:47:20] ✅ Успешно синхронизировано.
[2025-08-12 23:48:20] ✅ Успешно синхронизировано.
[2025-08-12 23:49:20] ✅ Успешно синхронизировано.
[2025-08-12 23:50:20] ✅ Успешно синхронизировано.
[2025-08-12 23:51:20] ✅ Успешно синхронизировано.
[2025-08-12 23:52:20] ✅ Успешно синхронизировано.
[2025-08-12 23:53:18] ✅ Успешно синхронизировано.
[2025-08-12 23:54:18] ✅ Успешно синхронизировано.
[2025-08-12 23:55:18] ✅ Успешно синхронизировано.
[2025-08-12 23:56:18] ✅ Успешно синхронизировано.
[2025-08-12 23:57:18] ✅ Успешно синхронизировано.
[2025-08-12 23:58:18] ✅ Успешно синхронизировано.
[2025-08-12 23:59:18] ✅ Успешно синхронизировано.
[2025-08-13 00:00:18] ✅ Успешно синхронизировано.
[2025-08-13 00:01:18] ✅ Успешно синхронизировано.
[2025-08-13 00:02:18] ✅ Успешно синхронизировано.
[2025-08-13 00:03:18] ✅ Успешно синхронизировано.
[2025-08-13 00:04:18] ✅ Успешно синхронизировано.
[2025-08-13 00:05:18] ✅ Успешно синхронизировано.
[2025-08-13 00:06:18] ✅ Успешно синхронизировано.
[2025-08-13 00:07:18] ✅ Успешно синхронизировано.
[2025-08-13 00:08:18] ✅ Успешно синхронизировано.
[2025-08-13 00:09:18] ✅ Успешно синхронизировано.
[2025-08-13 00:10:18] ✅ Успешно синхронизировано.
[2025-08-13 00:11:18] ✅ Успешно синхронизировано.
[2025-08-13 00:12:18] ✅ Успешно синхронизировано.
[2025-08-13 00:13:18] ✅ Успешно синхронизировано.
[2025-08-13 00:14:18] ✅ Успешно синхронизировано.
[2025-08-13 00:15:18] ✅ Успешно синхронизировано.
[2025-08-13 00:16:18] ✅ Успешно синхронизировано.
[2025-08-13 00:17:18] ✅ Успешно синхронизировано.
[2025-08-13 00:18:18] ✅ Успешно синхронизировано.
[2025-08-13 00:19:18] ✅ Успешно синхронизировано.
[2025-08-13 00:20:18] ✅ Успешно синхронизировано.
[2025-08-13 00:21:18] ✅ Успешно синхронизировано.
[2025-08-13 00:22:18] ✅ Успешно синхронизировано.
[2025-08-13 00:23:18] ✅ Успешно синхронизировано.
[2025-08-13 00:24:18] ✅ Успешно синхронизировано.
[2025-08-13 00:25:18] ✅ Успешно синхронизировано.
[2025-08-13 00:26:18] ✅ Успешно синхронизировано.
[2025-08-13 00:27:18] ✅ Успешно синхронизировано.
[2025-08-13 00:28:18] ✅ Успешно синхронизировано.
==========================================
[2025-08-13 10:08:57] Запуск фоновой синхронизации.
Источник: /sdcard/Документы/rootzsuBOT/rootzsu_bot_v3.db
Назначение: /sdcard/Документы/rootzsuBOT/website/rootzsu_bot_v3.db
==========================================

[2025-08-13 10:08:57] ✅ Успешно синхронизировано.
[2025-08-13 10:09:57] ✅ Успешно синхронизировано.
[2025-08-13 10:10:57] ✅ Успешно синхронизировано.
[2025-08-13 10:11:57] ✅ Успешно синхронизировано.
[2025-08-13 10:12:57] ✅ Успешно синхронизировано.
[2025-08-13 10:13:57] ✅ Успешно синхронизировано.
[2025-08-13 10:14:57] ✅ Успешно синхронизировано.
[2025-08-13 10:15:57] ✅ Успешно синхронизировано.
[2025-08-13 10:16:57] ✅ Успешно синхронизировано.
[2025-08-13 10:17:57] ✅ Успешно синхронизировано.
[2025-08-13 10:18:57] ✅ Успешно синхронизировано.
[2025-08-13 10:19:57] ✅ Успешно синхронизировано.
[2025-08-13 10:20:57] ✅ Успешно синхронизировано.
[2025-08-13 10:21:57] ✅ Успешно синхронизировано.
[2025-08-13 10:25:01] ✅ Успешно синхронизировано.
[2025-08-13 10:30:41] ✅ Успешно синхронизировано.
[2025-08-13 10:35:52] ✅ Успешно синхронизировано.
[2025-08-13 10:43:27] ✅ Успешно синхронизировано.
[2025-08-13 10:46:23] ✅ Успешно синхронизировано.
[2025-08-13 10:47:23] ✅ Успешно синхронизировано.
[2025-08-13 10:48:23] ✅ Успешно синхронизировано.
[2025-08-13 10:49:23] ✅ Успешно синхронизировано.
[2025-08-13 10:50:23] ✅ Успешно синхронизировано.
[2025-08-13 10:51:23] ✅ Успешно синхронизировано.
[2025-08-13 10:52:23] ✅ Успешно синхронизировано.
[2025-08-13 10:53:23] ✅ Успешно синхронизировано.
[2025-08-13 10:54:23] ✅ Успешно синхронизировано.
[2025-08-13 10:55:23] ✅ Успешно синхронизировано.
[2025-08-13 10:56:23] ✅ Успешно синхронизировано.
[2025-08-13 10:57:24] ✅ Успешно синхронизировано.
[2025-08-13 10:58:24] ✅ Успешно синхронизировано.
[2025-08-13 10:59:24] ✅ Успешно синхронизировано.
[2025-08-13 11:00:24] ✅ Успешно синхронизировано.
[2025-08-13 11:01:24] ✅ Успешно синхронизировано.
[2025-08-13 11:02:24] ✅ Успешно синхронизировано.
[2025-08-13 11:03:24] ✅ Успешно синхронизировано.
[2025-08-13 11:04:24] ✅ Успешно синхронизировано.
[2025-08-13 11:05:24] ✅ Успешно синхронизировано.
[2025-08-13 11:06:24] ✅ Успешно синхронизировано.
[2025-08-13 11:07:24] ✅ Успешно синхронизировано.
[2025-08-13 11:08:24] ✅ Успешно синхронизировано.
[2025-08-13 11:09:24] ✅ Успешно синхронизировано.
[2025-08-13 11:10:24] ✅ Успешно синхронизировано.
[2025-08-13 11:11:24] ✅ Успешно синхронизировано.
[2025-08-13 11:12:24] ✅ Успешно синхронизировано.
[2025-08-13 11:13:24] ✅ Успешно синхронизировано.
[2025-08-13 11:14:24] ✅ Успешно синхронизировано.
[2025-08-13 11:15:24] ✅ Успешно синхронизировано.
[2025-08-13 11:16:24] ✅ Успешно синхронизировано.
[2025-08-13 11:17:24] ✅ Успешно синхронизировано.
[2025-08-13 11:18:24] ✅ Успешно синхронизировано.
[2025-08-13 11:19:24] ✅ Успешно синхронизировано.
[2025-08-13 11:20:24] ✅ Успешно синхронизировано.
[2025-08-13 11:21:24] ✅ Успешно синхронизировано.
[2025-08-13 11:22:24] ✅ Успешно синхронизировано.
[2025-08-13 11:23:24] ✅ Успешно синхронизировано.
[2025-08-13 11:24:24] ✅ Успешно синхронизировано.
[2025-08-13 11:25:24] ✅ Успешно синхронизировано.
==========================================
[2025-08-13 12:36:12] Запуск фоновой синхронизации.
Источник: /sdcard/Документы/rootzsuBOT/rootzsu_bot_v3.db
Назначение: /sdcard/Документы/rootzsuBOT/website/rootzsu_bot_v3.db
==========================================

[2025-08-13 12:36:12] ✅ Успешно синхронизировано.
[2025-08-13 12:37:12] ✅ Успешно синхронизировано.
[2025-08-13 12:38:12] ✅ Успешно синхронизировано.
[2025-08-13 12:39:12] ✅ Успешно синхронизировано.
[2025-08-13 12:40:12] ✅ Успешно синхронизировано.
[2025-08-13 12:41:12] ✅ Успешно синхронизировано.
[2025-08-13 12:42:12] ✅ Успешно синхронизировано.
[2025-08-13 12:43:12] ✅ Успешно синхронизировано.
[2025-08-13 12:44:12] ✅ Успешно синхронизировано.
[2025-08-13 12:45:12] ✅ Успешно синхронизировано.
[2025-08-13 12:46:12] ✅ Успешно синхронизировано.
[2025-08-13 12:47:12] ✅ Успешно синхронизировано.
[2025-08-13 12:48:12] ✅ Успешно синхронизировано.
[2025-08-13 12:49:12] ✅ Успешно синхронизировано.
[2025-08-13 12:50:12] ✅ Успешно синхронизировано.
[2025-08-13 12:51:12] ✅ Успешно синхронизировано.
[2025-08-13 12:52:12] ✅ Успешно синхронизировано.
[2025-08-13 12:53:12] ✅ Успешно синхронизировано.
[2025-08-13 12:54:12] ✅ Успешно синхронизировано.
[2025-08-13 12:55:12] ✅ Успешно синхронизировано.
[2025-08-13 12:56:12] ✅ Успешно синхронизировано.
[2025-08-13 12:57:12] ✅ Успешно синхронизировано.
[2025-08-13 12:58:13] ✅ Успешно синхронизировано.
[2025-08-13 12:59:13] ✅ Успешно синхронизировано.
[2025-08-13 13:00:13] ✅ Успешно синхронизировано.
[2025-08-13 13:01:13] ✅ Успешно синхронизировано.
[2025-08-13 13:02:13] ✅ Успешно синхронизировано.
[2025-08-13 13:03:13] ✅ Успешно синхронизировано.
[2025-08-13 13:04:13] ✅ Успешно синхронизировано.
[2025-08-13 13:05:13] ✅ Успешно синхронизировано.
[2025-08-13 13:06:13] ✅ Успешно синхронизировано.
[2025-08-13 13:07:13] ✅ Успешно синхронизировано.
[2025-08-13 13:08:13] ✅ Успешно синхронизировано.
[2025-08-13 13:09:13] ✅ Успешно синхронизировано.
[2025-08-13 13:10:14] ✅ Успешно синхронизировано.
[2025-08-13 13:11:15] ✅ Успешно синхронизировано.
[2025-08-13 13:12:15] ✅ Успешно синхронизировано.
[2025-08-13 13:13:15] ✅ Успешно синхронизировано.
[2025-08-13 13:14:15] ✅ Успешно синхронизировано.
[2025-08-13 13:15:15] ✅ Успешно синхронизировано.
[2025-08-13 13:16:15] ✅ Успешно синхронизировано.
[2025-08-13 13:17:15] ✅ Успешно синхронизировано.
[2025-08-13 13:18:15] ✅ Успешно синхронизировано.
[2025-08-13 13:19:15] ✅ Успешно синхронизировано.
[2025-08-13 13:20:15] ✅ Успешно синхронизировано.
[2025-08-13 13:21:15] ✅ Успешно синхронизировано.
[2025-08-13 13:22:15] ✅ Успешно синхронизировано.
[2025-08-13 13:23:15] ✅ Успешно синхронизировано.
[2025-08-13 13:24:15] ✅ Успешно синхронизировано.
[2025-08-13 13:25:15] ✅ Успешно синхронизировано.
[2025-08-13 13:26:15] ✅ Успешно синхронизировано.
[2025-08-13 13:27:15] ✅ Успешно синхронизировано.
[2025-08-13 13:28:15] ✅ Успешно синхронизировано.
[2025-08-13 13:29:15] ✅ Успешно синхронизировано.
[2025-08-13 13:30:15] ✅ Успешно синхронизировано.
[2025-08-13 13:31:16] ✅ Успешно синхронизировано.
[2025-08-13 13:32:16] ✅ Успешно синхронизировано.
[2025-08-13 13:33:16] ✅ Успешно синхронизировано.
[2025-08-13 13:34:16] ✅ Успешно синхронизировано.
[2025-08-13 13:35:16] ✅ Успешно синхронизировано.
[2025-08-13 13:36:16] ✅ Успешно синхронизировано.
[2025-08-13 13:37:16] ✅ Успешно синхронизировано.
[2025-08-13 13:38:16] ✅ Успешно синхронизировано.
[2025-08-13 13:39:16] ✅ Успешно синхронизировано.
[2025-08-13 13:40:16] ✅ Успешно синхронизировано.
[2025-08-13 13:41:16] ✅ Успешно синхронизировано.
[2025-08-13 13:42:16] ✅ Успешно синхронизировано.
[2025-08-13 13:43:16] ✅ Успешно синхронизировано.
[2025-08-13 13:44:16] ✅ Успешно синхронизировано.
[2025-08-13 13:45:16] ✅ Успешно синхронизировано.
[2025-08-13 13:46:16] ✅ Успешно синхронизировано.
[2025-08-13 13:47:16] ✅ Успешно синхронизировано.
[2025-08-13 13:48:16] ✅ Успешно синхронизировано.
[2025-08-13 13:49:16] ✅ Успешно синхронизировано.
[2025-08-13 13:50:16] ✅ Успешно синхронизировано.
[2025-08-13 13:51:16] ✅ Успешно синхронизировано.
[2025-08-13 13:52:16] ✅ Успешно синхронизировано.
[2025-08-13 13:53:16] ✅ Успешно синхронизировано.
[2025-08-13 13:54:16] ✅ Успешно синхронизировано.
[2025-08-13 13:55:16] ✅ Успешно синхронизировано.
[2025-08-13 13:56:16] ✅ Успешно синхронизировано.
[2025-08-13 13:57:16] ✅ Успешно синхронизировано.
[2025-08-13 13:58:16] ✅ Успешно синхронизировано.
[2025-08-13 13:59:16] ✅ Успешно синхронизировано.
[2025-08-13 14:00:16] ✅ Успешно синхронизировано.
[2025-08-13 14:01:16] ✅ Успешно синхронизировано.
[2025-08-13 14:02:16] ✅ Успешно синхронизировано.
[2025-08-13 14:03:16] ✅ Успешно синхронизировано.
[2025-08-13 14:04:16] ✅ Успешно синхронизировано.
[2025-08-13 14:05:16] ✅ Успешно синхронизировано.
[2025-08-13 14:06:16] ✅ Успешно синхронизировано.
[2025-08-13 14:07:16] ✅ Успешно синхронизировано.
[2025-08-13 14:08:16] ✅ Успешно синхронизировано.
[2025-08-13 14:09:16] ✅ Успешно синхронизировано.
[2025-08-13 14:10:16] ✅ Успешно синхронизировано.
[2025-08-13 14:11:17] ✅ Успешно синхронизировано.
[2025-08-13 14:12:17] ✅ Успешно синхронизировано.
[2025-08-13 14:13:17] ✅ Успешно синхронизировано.
[2025-08-13 14:14:17] ✅ Успешно синхронизировано.
[2025-08-13 14:15:17] ✅ Успешно синхронизировано.
[2025-08-13 14:16:17] ✅ Успешно синхронизировано.
[2025-08-13 14:17:17] ✅ Успешно синхронизировано.
[2025-08-13 14:18:17] ✅ Успешно синхронизировано.
[2025-08-13 14:19:17] ✅ Успешно синхронизировано.
[2025-08-13 14:20:17] ✅ Успешно синхронизировано.
[2025-08-13 14:21:17] ✅ Успешно синхронизировано.
[2025-08-13 14:22:17] ✅ Успешно синхронизировано.
[2025-08-13 14:23:17] ✅ Успешно синхронизировано.
[2025-08-13 14:24:17] ✅ Успешно синхронизировано.
[2025-08-13 14:25:17] ✅ Успешно синхронизировано.
[2025-08-13 14:26:17] ✅ Успешно синхронизировано.
[2025-08-13 14:27:17] ✅ Успешно синхронизировано.
[2025-08-13 14:28:17] ✅ Успешно синхронизировано.
[2025-08-13 14:29:17] ✅ Успешно синхронизировано.
[2025-08-13 14:30:18] ✅ Успешно синхронизировано.
[2025-08-13 14:31:18] ✅ Успешно синхронизировано.
[2025-08-13 14:32:18] ✅ Успешно синхронизировано.
[2025-08-13 14:33:18] ✅ Успешно синхронизировано.
[2025-08-13 14:34:18] ✅ Успешно синхронизировано.
[2025-08-13 14:35:18] ✅ Успешно синхронизировано.
[2025-08-13 14:36:18] ✅ Успешно синхронизировано.
[2025-08-13 14:37:18] ✅ Успешно синхронизировано.
[2025-08-13 14:38:18] ✅ Успешно синхронизировано.
[2025-08-13 14:39:18] ✅ Успешно синхронизировано.
[2025-08-13 14:40:18] ✅ Успешно синхронизировано.
[2025-08-13 14:41:18] ✅ Успешно синхронизировано.
[2025-08-13 14:42:18] ✅ Успешно синхронизировано.
[2025-08-13 14:43:18] ✅ Успешно синхронизировано.
[2025-08-13 14:44:18] ✅ Успешно синхронизировано.
[2025-08-13 14:45:18] ✅ Успешно синхронизировано.
[2025-08-13 14:46:18] ✅ Успешно синхронизировано.
[2025-08-13 14:47:18] ✅ Успешно синхронизировано.
[2025-08-13 14:48:18] ✅ Успешно синхронизировано.
[2025-08-13 14:49:18] ✅ Успешно синхронизировано.
[2025-08-13 14:50:19] ✅ Успешно синхронизировано.
[2025-08-13 14:51:19] ✅ Успешно синхронизировано.
[2025-08-13 14:52:19] ✅ Успешно синхронизировано.
[2025-08-13 14:53:19] ✅ Успешно синхронизировано.
[2025-08-13 14:54:19] ✅ Успешно синхронизировано.
[2025-08-13 14:55:19] ✅ Успешно синхронизировано.
[2025-08-13 14:56:19] ✅ Успешно синхронизировано.
[2025-08-13 14:57:19] ✅ Успешно синхронизировано.
[2025-08-13 14:58:19] ✅ Успешно синхронизировано.
[2025-08-13 14:59:19] ✅ Успешно синхронизировано.
[2025-08-13 15:00:19] ✅ Успешно синхронизировано.
[2025-08-13 15:01:19] ✅ Успешно синхронизировано.
[2025-08-13 15:02:19] ✅ Успешно синхронизировано.
[2025-08-13 15:03:19] ✅ Успешно синхронизировано.
[2025-08-13 15:04:19] ✅ Успешно синхронизировано.
[2025-08-13 15:05:19] ✅ Успешно синхронизировано.
[2025-08-13 15:06:19] ✅ Успешно синхронизировано.
[2025-08-13 15:07:19] ✅ Успешно синхронизировано.
[2025-08-13 15:08:19] ✅ Успешно синхронизировано.
[2025-08-13 15:09:19] ✅ Успешно синхронизировано.
[2025-08-13 15:10:19] ✅ Успешно синхронизировано.
[2025-08-13 15:11:19] ✅ Успешно синхронизировано.
[2025-08-13 15:12:19] ✅ Успешно синхронизировано.
[2025-08-13 15:13:19] ✅ Успешно синхронизировано.
[2025-08-13 15:14:19] ✅ Успешно синхронизировано.
[2025-08-13 15:15:19] ✅ Успешно синхронизировано.
[2025-08-13 15:16:19] ✅ Успешно синхронизировано.
[2025-08-13 15:17:20] ✅ Успешно синхронизировано.
[2025-08-13 15:18:20] ✅ Успешно синхронизировано.
[2025-08-13 15:19:20] ✅ Успешно синхронизировано.
[2025-08-13 15:20:20] ✅ Успешно синхронизировано.
[2025-08-13 15:21:20] ✅ Успешно синхронизировано.
[2025-08-13 15:22:20] ✅ Успешно синхронизировано.
[2025-08-13 15:23:20] ✅ Успешно синхронизировано.
[2025-08-13 15:24:20] ✅ Успешно синхронизировано.
[2025-08-13 15:25:20] ✅ Успешно синхронизировано.
[2025-08-13 15:26:20] ✅ Успешно синхронизировано.
[2025-08-13 15:27:20] ✅ Успешно синхронизировано.
[2025-08-13 15:28:20] ✅ Успешно синхронизировано.
[2025-08-13 15:29:20] ✅ Успешно синхронизировано.
[2025-08-13 15:30:20] ✅ Успешно синхронизировано.
[2025-08-13 15:31:20] ✅ Успешно синхронизировано.
[2025-08-13 15:32:20] ✅ Успешно синхронизировано.
[2025-08-13 15:33:20] ✅ Успешно синхронизировано.
[2025-08-13 15:34:20] ✅ Успешно синхронизировано.
[2025-08-13 15:35:20] ✅ Успешно синхронизировано.
[2025-08-13 15:36:20] ✅ Успешно синхронизировано.
[2025-08-13 15:37:20] ✅ Успешно синхронизировано.
[2025-08-13 15:38:20] ✅ Успешно синхронизировано.
[2025-08-13 15:39:20] ✅ Успешно синхронизировано.
[2025-08-13 15:40:20] ✅ Успешно синхронизировано.
[2025-08-13 15:41:20] ✅ Успешно синхронизировано.
[2025-08-13 15:42:20] ✅ Успешно синхронизировано.
[2025-08-13 15:43:20] ✅ Успешно синхронизировано.
[2025-08-13 15:44:20] ✅ Успешно синхронизировано.
[2025-08-13 15:45:20] ✅ Успешно синхронизировано.
[2025-08-13 15:46:20] ✅ Успешно синхронизировано.
[2025-08-13 15:47:20] ✅ Успешно синхронизировано.
[2025-08-13 15:48:21] ✅ Успешно синхронизировано.
[2025-08-13 15:49:21] ✅ Успешно синхронизировано.
[2025-08-13 15:50:21] ✅ Успешно синхронизировано.
[2025-08-13 15:51:21] ✅ Успешно синхронизировано.
[2025-08-13 15:52:21] ✅ Успешно синхронизировано.
[2025-08-13 15:53:21] ✅ Успешно синхронизировано.
[2025-08-13 15:54:21] ✅ Успешно синхронизировано.
[2025-08-13 15:55:21] ✅ Успешно синхронизировано.
[2025-08-13 15:56:21] ✅ Успешно синхронизировано.
[2025-08-13 15:57:21] ✅ Успешно синхронизировано.
[2025-08-13 15:58:21] ✅ Успешно синхронизировано.
